<?xml version="1.0" encoding="UTF-8"?>
<!-- Generated by org.testng.reporters.JUnitReportReporter -->
<testsuite name="utils.ExcelDataprovider" tests="4" time="45.399" ignored="0" failures="0" timestamp="25 May 2020 12:44:55 GMT" skipped="0" hostname="DESKTOP-RO5AP5V" errors="0">
  <testcase name="test1" time="18.161" classname="utils.ExcelDataprovider"/>
  <testcase name="test1" time="5.460" classname="utils.ExcelDataprovider"/>
  <testcase name="test1" time="11.393" classname="utils.ExcelDataprovider"/>
  <testcase name="test1" time="10.385" classname="utils.ExcelDataprovider"/>
</testsuite> <!-- utils.ExcelDataprovider -->
