<?xml version="1.0" encoding="UTF-8"?>
<!-- Generated by org.testng.reporters.JUnitReportReporter -->
<testsuite name="testngdemo" tests="1" time="3.798" ignored="0" failures="0" timestamp="10 May 2020 12:02:50 GMT" skipped="0" hostname="DESKTOP-RO5AP5V" errors="0">
  <testcase name="googletitle" time="3.798" classname="testngdemo"/>
</testsuite> <!-- testngdemo -->
