<?xml version="1.0" encoding="UTF-8"?>
<!-- Generated by org.testng.reporters.JUnitReportReporter -->
<testsuite name="gurudemo.TestScript06" tests="4" time="152.525" ignored="0" failures="0" timestamp="22 May 2020 07:42:03 GMT" skipped="0" hostname="DESKTOP-RO5AP5V" errors="0">
  <testcase name="testCase05" time="22.860" classname="gurudemo.TestScript06"/>
  <testcase name="testCase05" time="22.386" classname="gurudemo.TestScript06"/>
  <testcase name="testCase05" time="16.269" classname="gurudemo.TestScript06"/>
  <testcase name="testCase05" time="91.010" classname="gurudemo.TestScript06"/>
</testsuite> <!-- gurudemo.TestScript06 -->
